@nLint message generated warning file.

*** Working Directory [/home/ejune/GitRepos/Ace21064/asic/lint/run] ***

/home/ejune/GitRepos/Ace21064/rtl/core/fetch/ace_fetch.v(117): Error 25001: signal "bpd_rt_we" has no driver. (DFT,Design Style)
/home/ejune/GitRepos/Ace21064/rtl/core/fetch/ace_fetch.v(186): Error 25001: signal "bpd_condbr_flag" has no driver. (DFT,Design Style)
/home/ejune/GitRepos/Ace21064/rtl/core/fetch/ace_fetch.v(211): Error 22249: the bit widths of the conditional assignment operands "btb_br_..."(1) and "((pc_f0..."(5) are different. (Language Construct)
/home/ejune/GitRepos/Ace21064/rtl/core/fetch/ace_fetch.v(212): Error 22265: bit width of left-hand-side operand "pc_f0"(64) does not match the right-hand-side operand "(btb_br..."(3) in addition or subtraction operation. (Language Construct)
/home/ejune/GitRepos/Ace21064/rtl/core/fetch/ace_fetch.v(222): Error 22003: bit width of left-hand-side variable "inst_vld_f0"(1) does not match that of right-hand-side variable "(btb_hi..."(8) in the assignment. (Language Construct)
/home/ejune/GitRepos/Ace21064/rtl/core/fetch/ace_fetch.v(250): Error 25001: signal "inst0_f1" has no driver. (DFT,Design Style)
/home/ejune/GitRepos/Ace21064/rtl/core/fetch/ace_fetch.v(251): Error 25001: signal "inst1_f1" has no driver. (DFT,Design Style)
/home/ejune/GitRepos/Ace21064/rtl/core/fetch/ace_fetch.v(252): Error 25001: signal "inst2_f1" has no driver. (DFT,Design Style)
/home/ejune/GitRepos/Ace21064/rtl/core/fetch/ace_fetch.v(253): Error 25001: signal "inst3_f1" has no driver. (DFT,Design Style)
/home/ejune/GitRepos/Ace21064/rtl/core/fetch/ace_fetch.v(254): Error 25001: signal "inst4_f1" has no driver. (DFT,Design Style)
/home/ejune/GitRepos/Ace21064/rtl/core/fetch/ace_fetch.v(255): Error 25001: signal "inst5_f1" has no driver. (DFT,Design Style)
/home/ejune/GitRepos/Ace21064/rtl/core/fetch/ace_fetch.v(256): Error 25001: signal "inst6_f1" has no driver. (DFT,Design Style)
/home/ejune/GitRepos/Ace21064/rtl/core/fetch/ace_fetch.v(257): Error 25001: signal "inst7_f1" has no driver. (DFT,Design Style)
/home/ejune/GitRepos/Ace21064/rtl/core/fetch/ace_fetch.v(267): Error 16471: partselect to scalar (Compilation & Elaboration)
/home/ejune/GitRepos/Ace21064/rtl/core/fetch/ace_fetch.v(279): Error 16247: symbol bpd_rt_we duplicated (Compilation & Elaboration)
/home/ejune/GitRepos/Ace21064/rtl/core/fetch/ace_fetch.v(302): Error 16247: symbol bpd_condbr_flag duplicated (Compilation & Elaboration)
/home/ejune/GitRepos/Ace21064/rtl/core/fetch/ace_fetch.v(336): Error 22211: signal "bob_we" is stuck at logic 1. (Synthesis)
/home/ejune/GitRepos/Ace21064/rtl/core/fetch/ace_fetch.v(423): Error 16247: symbol inst0_f1 duplicated (Compilation & Elaboration)
/home/ejune/GitRepos/Ace21064/rtl/core/fetch/ace_fetch.v(424): Error 16247: symbol inst1_f1 duplicated (Compilation & Elaboration)
/home/ejune/GitRepos/Ace21064/rtl/core/fetch/ace_fetch.v(425): Error 16247: symbol inst2_f1 duplicated (Compilation & Elaboration)
/home/ejune/GitRepos/Ace21064/rtl/core/fetch/ace_fetch.v(426): Error 16247: symbol inst3_f1 duplicated (Compilation & Elaboration)
/home/ejune/GitRepos/Ace21064/rtl/core/fetch/ace_fetch.v(427): Error 16247: symbol inst4_f1 duplicated (Compilation & Elaboration)
/home/ejune/GitRepos/Ace21064/rtl/core/fetch/ace_fetch.v(428): Error 16247: symbol inst5_f1 duplicated (Compilation & Elaboration)
/home/ejune/GitRepos/Ace21064/rtl/core/fetch/ace_fetch.v(429): Error 16247: symbol inst6_f1 duplicated (Compilation & Elaboration)
/home/ejune/GitRepos/Ace21064/rtl/core/fetch/ace_fetch.v(430): Error 16247: symbol inst7_f1 duplicated (Compilation & Elaboration)
/home/ejune/GitRepos/Ace21064/rtl/core/fetch/bht.v(26): Error 22001: multiple drivers for signal "bht_we" are detected. (DFT,Design Style)
/home/ejune/GitRepos/Ace21064/rtl/core/fetch/bob.v(101): Error 22003: bit width of left-hand-side variable "bob_windex"(4) does not match that of right-hand-side variable "((bob_w..."(5) in the assignment. (Language Construct)
/home/ejune/GitRepos/Ace21064/rtl/core/fetch/bob.v(104): Error 22003: bit width of left-hand-side variable "entry_valid[bob_rindex]"(1) does not match that of right-hand-side variable "4'b0"(4) in the assignment. (Language Construct)
/home/ejune/GitRepos/Ace21064/rtl/core/fetch/bob.v(105): Error 22003: bit width of left-hand-side variable "bob_rindex"(4) does not match that of right-hand-side variable "((bob_r..."(5) in the assignment. (Language Construct)
/home/ejune/GitRepos/Ace21064/rtl/core/fetch/pht.v(31): Error 25001: signal "pht[1024:4095]" has no driver. (DFT,Design Style)
/home/ejune/GitRepos/Ace21064/rtl/core/fetch/pht.v(33): Error 22001: multiple drivers for signal "pht_we" are detected. (DFT,Design Style)
/home/ejune/GitRepos/Ace21064/rtl/core/fetch/pht.v(33): Error 22001: multiple drivers for signal "pht_we" are detected. (DFT,Design Style)
/home/ejune/GitRepos/Ace21064/rtl/core/fetch/pht.v(33): Error 22001: multiple drivers for signal "pht_we" are detected. (DFT,Design Style)
/home/ejune/GitRepos/Ace21064/rtl/core/fetch/ras.v(76): Error 22003: bit width of left-hand-side variable "ras_index_tmp"(4) does not match that of right-hand-side variable "((ras_i..."(5) in the assignment. (Language Construct)
/home/ejune/GitRepos/Ace21064/rtl/core/fetch/ras.v(77): Error 22003: bit width of left-hand-side variable "ras_index_tmp"(4) does not match that of right-hand-side variable "((ras_i..."(5) in the assignment. (Language Construct)
/home/ejune/GitRepos/Ace21064/rtl/core/fetch/ras.v(80): Error 22003: bit width of left-hand-side variable "ras_index_tmp"(4) does not match that of right-hand-side variable "((ras_p..."(5) in the assignment. (Language Construct)
/home/ejune/GitRepos/Ace21064/rtl/core/fetch/ras.v(81): Error 22003: bit width of left-hand-side variable "ras_index_tmp"(4) does not match that of right-hand-side variable "((ras_p..."(5) in the assignment. (Language Construct)
/home/ejune/GitRepos/Ace21064/rtl/core/fetch/ras.v(105): Error 22003: bit width of left-hand-side variable "ras_index_sel"(1) does not match that of right-hand-side variable "{ras_fl..."(3) in the assignment. (Language Construct)
/home/ejune/GitRepos/Ace21064/rtl/core/fetch/ras.v(113): Error 22211: signal "ras_valid_o" is stuck at logic 1. (Synthesis)

