@nLint message generated warning file.

*** Working Directory [/home/ejune/GitRepos/Ace21064/asic/lint/run] ***

/home/ejune/GitRepos/Ace21064/rtl/core/decode/decoder.v(21): Error 25001: signal "imm_type" has no driver. (DFT,Design Style)
/home/ejune/GitRepos/Ace21064/rtl/core/decode/decoder.v(21): Warning 23405: primary output pin "decoder.imm_type" floating through wire "decoder.imm_type". (ERC)
/home/ejune/GitRepos/Ace21064/rtl/core/decode/decoder.v(21): Error 16331: macro `IMM_TYPE_WIDTH not defined (Compilation & Elaboration)
/home/ejune/GitRepos/Ace21064/rtl/core/decode/decoder.v(22): Error 25001: signal "src_a_sel" has no driver. (DFT,Design Style)
/home/ejune/GitRepos/Ace21064/rtl/core/decode/decoder.v(22): Warning 23405: primary output pin "decoder.src_a_sel" floating through wire "decoder.src_a_sel". (ERC)
/home/ejune/GitRepos/Ace21064/rtl/core/decode/decoder.v(22): Error 16331: macro `SRC_A_SEL_WIDTH not defined (Compilation & Elaboration)
/home/ejune/GitRepos/Ace21064/rtl/core/decode/decoder.v(23): Error 25001: signal "src_b_sel" has no driver. (DFT,Design Style)
/home/ejune/GitRepos/Ace21064/rtl/core/decode/decoder.v(23): Warning 23405: primary output pin "decoder.src_b_sel" floating through wire "decoder.src_b_sel". (ERC)
/home/ejune/GitRepos/Ace21064/rtl/core/decode/decoder.v(23): Error 16331: macro `SRC_B_SEL_WIDTH not defined (Compilation & Elaboration)
/home/ejune/GitRepos/Ace21064/rtl/core/decode/decoder.v(27): Error 16331: macro `MEM_TYPE_WIDTH not defined (Compilation & Elaboration)
/home/ejune/GitRepos/Ace21064/rtl/core/decode/decoder.v(32): Error 25001: signal "alu_op" has no driver. (DFT,Design Style)
/home/ejune/GitRepos/Ace21064/rtl/core/decode/decoder.v(32): Warning 23405: primary output pin "decoder.alu_op" floating through wire "decoder.alu_op". (ERC)
/home/ejune/GitRepos/Ace21064/rtl/core/decode/decoder.v(33): Error 25001: signal "rs_ent" has no driver. (DFT,Design Style)
/home/ejune/GitRepos/Ace21064/rtl/core/decode/decoder.v(33): Warning 23405: primary output pin "decoder.rs_ent" floating through wire "decoder.rs_ent". (ERC)
/home/ejune/GitRepos/Ace21064/rtl/core/decode/decoder.v(33): Error 16331: macro `RS_ENT_SEL not defined (Compilation & Elaboration)
/home/ejune/GitRepos/Ace21064/rtl/core/decode/decoder.v(34): Error 25001: signal "md_req_op" has no driver. (DFT,Design Style)
/home/ejune/GitRepos/Ace21064/rtl/core/decode/decoder.v(34): Warning 23405: primary output pin "decoder.md_req_op" floating through wire "decoder.md_req_op". (ERC)
/home/ejune/GitRepos/Ace21064/rtl/core/decode/decoder.v(34): Error 16331: macro `MD_OP_WIDTH not defined (Compilation & Elaboration)
/home/ejune/GitRepos/Ace21064/rtl/core/decode/decoder.v(35): Error 25001: signal "md_req_in_1_signed" has no driver. (DFT,Design Style)
/home/ejune/GitRepos/Ace21064/rtl/core/decode/decoder.v(35): Warning 23405: primary output pin "decoder.md_req_in_1_signed" floating through wire "decoder.md_req_in_1_signed". (ERC)
/home/ejune/GitRepos/Ace21064/rtl/core/decode/decoder.v(36): Error 25001: signal "md_req_in_2_signed" has no driver. (DFT,Design Style)
/home/ejune/GitRepos/Ace21064/rtl/core/decode/decoder.v(36): Warning 23405: primary output pin "decoder.md_req_in_2_signed" floating through wire "decoder.md_req_in_2_signed". (ERC)
/home/ejune/GitRepos/Ace21064/rtl/core/decode/decoder.v(37): Error 25001: signal "md_req_out_sel" has no driver. (DFT,Design Style)
/home/ejune/GitRepos/Ace21064/rtl/core/decode/decoder.v(37): Warning 23405: primary output pin "decoder.md_req_out_sel" floating through wire "decoder.md_req_out_sel". (ERC)
/home/ejune/GitRepos/Ace21064/rtl/core/decode/decoder.v(37): Error 16331: macro `MD_OUT_SEL_WIDTH not defined (Compilation & Elaboration)
/home/ejune/GitRepos/Ace21064/rtl/core/decode/decoder.v(42): Error 16331: macro `RS_ENT_SEL not defined (Compilation & Elaboration)
/home/ejune/GitRepos/Ace21064/rtl/core/decode/decoder.v(50): Warning 25003: signal "alu_op_arith" has no load. (DFT,Design Style)
/home/ejune/GitRepos/Ace21064/rtl/core/decode/decoder.v(57): Error 22003: bit width of left-hand-side variable "dmem_type"(2) does not match that of right-hand-side variable "funct3"(3) in the assignment. (Language Construct)
/home/ejune/GitRepos/Ace21064/rtl/core/decode/decoder.v(60): Error 16331: macro `IMM_I not defined (Compilation & Elaboration)
/home/ejune/GitRepos/Ace21064/rtl/core/decode/decoder.v(61): Error 18680: Syntax error at = (Compilation & Elaboration)
/home/ejune/GitRepos/Ace21064/rtl/core/decode/decoder.v(61): Error 16331: macro `SRC_A_RS1 not defined (Compilation & Elaboration)
/home/ejune/GitRepos/Ace21064/rtl/core/decode/decoder.v(62): Error 16331: macro `SRC_B_IMM not defined (Compilation & Elaboration)
/home/ejune/GitRepos/Ace21064/rtl/core/decode/decoder.v(63): Error 18680: Syntax error at = (Compilation & Elaboration)
/home/ejune/GitRepos/Ace21064/rtl/core/decode/decoder.v(64): Warning 22165: signal "uses_rs1" is driven by a constant. (Language Construct)
/home/ejune/GitRepos/Ace21064/rtl/core/decode/decoder.v(64): Error 22211: signal "uses_rs1" is stuck at logic 1. (Synthesis)
/home/ejune/GitRepos/Ace21064/rtl/core/decode/decoder.v(65): Warning 22165: signal "uses_rs2" is driven by a constant. (Language Construct)
/home/ejune/GitRepos/Ace21064/rtl/core/decode/decoder.v(65): Error 22213: signal "uses_rs2" is stuck at logic 0. (Synthesis)
/home/ejune/GitRepos/Ace21064/rtl/core/decode/decoder.v(66): Warning 22165: signal "illegal_instruction" is driven by a constant. (Language Construct)
/home/ejune/GitRepos/Ace21064/rtl/core/decode/decoder.v(66): Error 22213: signal "illegal_instruction" is stuck at logic 0. (Synthesis)
/home/ejune/GitRepos/Ace21064/rtl/core/decode/decoder.v(67): Error 16331: macro `RS_ENT_ALU not defined (Compilation & Elaboration)
/home/ejune/GitRepos/Ace21064/rtl/core/decode/decoder.v(68): Error 18680: Syntax error at = (Compilation & Elaboration)
/home/ejune/GitRepos/Ace21064/rtl/core/decode/decoder.v(70): Warning 22165: signal "need_rd" is driven by a constant. (Language Construct)
/home/ejune/GitRepos/Ace21064/rtl/core/decode/decoder.v(70): Warning 22053: clock signal "GEN1_need_rd" (/home/ejune/GitRepos/Ace21064/rtl/core/decode/decoder.v(70) is driven by a combinational logic (output: "GEN1_need_rd"). (DFT,Design Style)
/home/ejune/GitRepos/Ace21064/rtl/core/decode/decoder.v(70): Warning 23007: not all possible values of the case expression are covered by the case items. (Language Construct)
/home/ejune/GitRepos/Ace21064/rtl/core/decode/decoder.v(70): Warning 23003: latch is inferred on signal "need_rd". (Synthesis)
/home/ejune/GitRepos/Ace21064/rtl/core/decode/decoder.v(73): Error 16331: macro `RS_ENT_LDST not defined (Compilation & Elaboration)
/home/ejune/GitRepos/Ace21064/rtl/core/decode/decoder.v(75): Error 18680: Syntax error at end (Compilation & Elaboration)
/home/ejune/GitRepos/Ace21064/rtl/core/decode/decoder.v(76): Error 18680: Syntax error at 7'b0100011 (Compilation & Elaboration)
/home/ejune/GitRepos/Ace21064/rtl/core/decode/decoder.v(77): Error 18680: Syntax error at = (Compilation & Elaboration)
/home/ejune/GitRepos/Ace21064/rtl/core/decode/decoder.v(78): Error 18680: Syntax error at = (Compilation & Elaboration)
/home/ejune/GitRepos/Ace21064/rtl/core/decode/decoder.v(78): Error 16331: macro `IMM_S not defined (Compilation & Elaboration)
/home/ejune/GitRepos/Ace21064/rtl/core/decode/decoder.v(79): Error 18680: Syntax error at = (Compilation & Elaboration)
/home/ejune/GitRepos/Ace21064/rtl/core/decode/decoder.v(79): Error 16331: macro `RS_ENT_LDST not defined (Compilation & Elaboration)
/home/ejune/GitRepos/Ace21064/rtl/core/decode/decoder.v(80): Error 18680: Syntax error at end (Compilation & Elaboration)
/home/ejune/GitRepos/Ace21064/rtl/core/decode/decoder.v(81): Error 18680: Syntax error at 7'b1100011 (Compilation & Elaboration)
/home/ejune/GitRepos/Ace21064/rtl/core/decode/decoder.v(82): Error 18680: Syntax error at = (Compilation & Elaboration)
/home/ejune/GitRepos/Ace21064/rtl/core/decode/decoder.v(84): Error 18680: Syntax error at = (Compilation & Elaboration)
/home/ejune/GitRepos/Ace21064/rtl/core/decode/decoder.v(84): Error 16331: macro `SRC_B_RS2 not defined (Compilation & Elaboration)
/home/ejune/GitRepos/Ace21064/rtl/core/decode/decoder.v(86): Error 18680: Syntax error at = (Compilation & Elaboration)
/home/ejune/GitRepos/Ace21064/rtl/core/decode/decoder.v(87): Error 18680: Syntax error at 1 (Compilation & Elaboration)
/home/ejune/GitRepos/Ace21064/rtl/core/decode/decoder.v(88): Error 18680: Syntax error at 4 (Compilation & Elaboration)
/home/ejune/GitRepos/Ace21064/rtl/core/decode/decoder.v(89): Error 18680: Syntax error at 6 (Compilation & Elaboration)
/home/ejune/GitRepos/Ace21064/rtl/core/decode/decoder.v(90): Error 18680: Syntax error at 5 (Compilation & Elaboration)
/home/ejune/GitRepos/Ace21064/rtl/core/decode/decoder.v(91): Error 18680: Syntax error at 7 (Compilation & Elaboration)
/home/ejune/GitRepos/Ace21064/rtl/core/decode/decoder.v(92): Error 18680: Syntax error at : (Compilation & Elaboration)
/home/ejune/GitRepos/Ace21064/rtl/core/decode/decoder.v(93): Error 18680: Syntax error at endcase (Compilation & Elaboration)
/home/ejune/GitRepos/Ace21064/rtl/core/decode/decoder.v(94): Error 18680: Syntax error at = (Compilation & Elaboration)
/home/ejune/GitRepos/Ace21064/rtl/core/decode/decoder.v(94): Error 16331: macro `RS_ENT_BRANCH not defined (Compilation & Elaboration)
/home/ejune/GitRepos/Ace21064/rtl/core/decode/decoder.v(95): Error 18680: Syntax error at end (Compilation & Elaboration)
/home/ejune/GitRepos/Ace21064/rtl/core/decode/decoder.v(96): Error 18680: Syntax error at 7'b1101111 (Compilation & Elaboration)
/home/ejune/GitRepos/Ace21064/rtl/core/decode/decoder.v(98): Error 18680: Syntax error at = (Compilation & Elaboration)
/home/ejune/GitRepos/Ace21064/rtl/core/decode/decoder.v(99): Error 18680: Syntax error at = (Compilation & Elaboration)
/home/ejune/GitRepos/Ace21064/rtl/core/decode/decoder.v(99): Error 16331: macro `SRC_A_PC not defined (Compilation & Elaboration)
/home/ejune/GitRepos/Ace21064/rtl/core/decode/decoder.v(100): Error 18680: Syntax error at = (Compilation & Elaboration)
/home/ejune/GitRepos/Ace21064/rtl/core/decode/decoder.v(100): Error 16331: macro `SRC_B_FOUR not defined (Compilation & Elaboration)
/home/ejune/GitRepos/Ace21064/rtl/core/decode/decoder.v(101): Error 18680: Syntax error at = (Compilation & Elaboration)
/home/ejune/GitRepos/Ace21064/rtl/core/decode/decoder.v(102): Error 18680: Syntax error at = (Compilation & Elaboration)
/home/ejune/GitRepos/Ace21064/rtl/core/decode/decoder.v(102): Error 16331: macro `RS_ENT_JAL not defined (Compilation & Elaboration)
/home/ejune/GitRepos/Ace21064/rtl/core/decode/decoder.v(103): Error 18680: Syntax error at end (Compilation & Elaboration)
/home/ejune/GitRepos/Ace21064/rtl/core/decode/decoder.v(104): Error 18680: Syntax error at 7'b1100111 (Compilation & Elaboration)
/home/ejune/GitRepos/Ace21064/rtl/core/decode/decoder.v(105): Error 18680: Syntax error at = (Compilation & Elaboration)
/home/ejune/GitRepos/Ace21064/rtl/core/decode/decoder.v(107): Error 18680: Syntax error at = (Compilation & Elaboration)
/home/ejune/GitRepos/Ace21064/rtl/core/decode/decoder.v(107): Error 16331: macro `SRC_A_PC not defined (Compilation & Elaboration)
/home/ejune/GitRepos/Ace21064/rtl/core/decode/decoder.v(108): Error 18680: Syntax error at = (Compilation & Elaboration)
/home/ejune/GitRepos/Ace21064/rtl/core/decode/decoder.v(108): Error 16331: macro `SRC_B_FOUR not defined (Compilation & Elaboration)
/home/ejune/GitRepos/Ace21064/rtl/core/decode/decoder.v(109): Error 18680: Syntax error at = (Compilation & Elaboration)
/home/ejune/GitRepos/Ace21064/rtl/core/decode/decoder.v(110): Error 18680: Syntax error at = (Compilation & Elaboration)
/home/ejune/GitRepos/Ace21064/rtl/core/decode/decoder.v(110): Error 16331: macro `RS_ENT_JALR not defined (Compilation & Elaboration)
/home/ejune/GitRepos/Ace21064/rtl/core/decode/decoder.v(111): Error 18680: Syntax error at end (Compilation & Elaboration)
/home/ejune/GitRepos/Ace21064/rtl/core/decode/decoder.v(131): Error 18680: Syntax error at 7'b0010011 (Compilation & Elaboration)
/home/ejune/GitRepos/Ace21064/rtl/core/decode/decoder.v(132): Error 18680: Syntax error at = (Compilation & Elaboration)
/home/ejune/GitRepos/Ace21064/rtl/core/decode/decoder.v(133): Error 18680: Syntax error at = (Compilation & Elaboration)
/home/ejune/GitRepos/Ace21064/rtl/core/decode/decoder.v(134): Error 18680: Syntax error at end (Compilation & Elaboration)
/home/ejune/GitRepos/Ace21064/rtl/core/decode/decoder.v(135): Error 18680: Syntax error at 7'b0110011 (Compilation & Elaboration)
/home/ejune/GitRepos/Ace21064/rtl/core/decode/decoder.v(136): Error 18680: Syntax error at = (Compilation & Elaboration)
/home/ejune/GitRepos/Ace21064/rtl/core/decode/decoder.v(137): Error 18680: Syntax error at = (Compilation & Elaboration)
/home/ejune/GitRepos/Ace21064/rtl/core/decode/decoder.v(137): Error 16331: macro `SRC_B_RS2 not defined (Compilation & Elaboration)
/home/ejune/GitRepos/Ace21064/rtl/core/decode/decoder.v(138): Error 18680: Syntax error at = (Compilation & Elaboration)
/home/ejune/GitRepos/Ace21064/rtl/core/decode/decoder.v(139): Error 18680: Syntax error at = (Compilation & Elaboration)
/home/ejune/GitRepos/Ace21064/rtl/core/decode/decoder.v(142): Error 18680: Syntax error at = (Compilation & Elaboration)
/home/ejune/GitRepos/Ace21064/rtl/core/decode/decoder.v(144): Error 18680: Syntax error at end (Compilation & Elaboration)
/home/ejune/GitRepos/Ace21064/rtl/core/decode/decoder.v(145): Error 18680: Syntax error at end (Compilation & Elaboration)
/home/ejune/GitRepos/Ace21064/rtl/core/decode/decoder.v(176): Error 18680: Syntax error at 7'b0010111 (Compilation & Elaboration)
/home/ejune/GitRepos/Ace21064/rtl/core/decode/decoder.v(177): Error 18680: Syntax error at = (Compilation & Elaboration)
/home/ejune/GitRepos/Ace21064/rtl/core/decode/decoder.v(178): Error 18680: Syntax error at = (Compilation & Elaboration)
/home/ejune/GitRepos/Ace21064/rtl/core/decode/decoder.v(178): Error 16331: macro `SRC_A_PC not defined (Compilation & Elaboration)
/home/ejune/GitRepos/Ace21064/rtl/core/decode/decoder.v(179): Error 18680: Syntax error at = (Compilation & Elaboration)
/home/ejune/GitRepos/Ace21064/rtl/core/decode/decoder.v(179): Error 16331: macro `IMM_U not defined (Compilation & Elaboration)
/home/ejune/GitRepos/Ace21064/rtl/core/decode/decoder.v(180): Error 18680: Syntax error at = (Compilation & Elaboration)
/home/ejune/GitRepos/Ace21064/rtl/core/decode/decoder.v(181): Error 18680: Syntax error at end (Compilation & Elaboration)
/home/ejune/GitRepos/Ace21064/rtl/core/decode/decoder.v(182): Error 18680: Syntax error at 7'b0110111 (Compilation & Elaboration)
/home/ejune/GitRepos/Ace21064/rtl/core/decode/decoder.v(183): Error 18680: Syntax error at = (Compilation & Elaboration)
/home/ejune/GitRepos/Ace21064/rtl/core/decode/decoder.v(184): Error 18680: Syntax error at = (Compilation & Elaboration)
/home/ejune/GitRepos/Ace21064/rtl/core/decode/decoder.v(184): Error 16331: macro `SRC_A_ZERO not defined (Compilation & Elaboration)
/home/ejune/GitRepos/Ace21064/rtl/core/decode/decoder.v(185): Error 18680: Syntax error at = (Compilation & Elaboration)
/home/ejune/GitRepos/Ace21064/rtl/core/decode/decoder.v(185): Error 16331: macro `IMM_U not defined (Compilation & Elaboration)
/home/ejune/GitRepos/Ace21064/rtl/core/decode/decoder.v(186): Error 18680: Syntax error at = (Compilation & Elaboration)
/home/ejune/GitRepos/Ace21064/rtl/core/decode/decoder.v(187): Error 18680: Syntax error at end (Compilation & Elaboration)
/home/ejune/GitRepos/Ace21064/rtl/core/decode/decoder.v(188): Error 18680: Syntax error at default (Compilation & Elaboration)
/home/ejune/GitRepos/Ace21064/rtl/core/decode/decoder.v(189): Error 18680: Syntax error at = (Compilation & Elaboration)
/home/ejune/GitRepos/Ace21064/rtl/core/decode/decoder.v(190): Error 18680: Syntax error at end (Compilation & Elaboration)
/home/ejune/GitRepos/Ace21064/rtl/core/decode/decoder.v(191): Error 18680: Syntax error at endcase (Compilation & Elaboration)
/home/ejune/GitRepos/Ace21064/rtl/core/decode/decoder.v(192): Error 18680: Syntax error at end (Compilation & Elaboration)
/home/ejune/GitRepos/Ace21064/rtl/core/decode/decoder.v(218): Error 16331: macro `RS_ENT_MUL not defined (Compilation & Elaboration)
/home/ejune/GitRepos/Ace21064/rtl/core/decode/decoder.v(218): Error 16331: macro `RS_ENT_DIV not defined (Compilation & Elaboration)
/home/ejune/GitRepos/Ace21064/rtl/core/decode/decoder.v(220): Error 18680: Syntax error at always (Compilation & Elaboration)
/home/ejune/GitRepos/Ace21064/rtl/core/decode/decoder.v(221): Error 18680: Syntax error at = (Compilation & Elaboration)
/home/ejune/GitRepos/Ace21064/rtl/core/decode/decoder.v(221): Error 16331: macro `MD_OP_MUL not defined (Compilation & Elaboration)
/home/ejune/GitRepos/Ace21064/rtl/core/decode/decoder.v(222): Error 18680: Syntax error at = (Compilation & Elaboration)
/home/ejune/GitRepos/Ace21064/rtl/core/decode/decoder.v(223): Error 18680: Syntax error at = (Compilation & Elaboration)
/home/ejune/GitRepos/Ace21064/rtl/core/decode/decoder.v(224): Error 18680: Syntax error at = (Compilation & Elaboration)
/home/ejune/GitRepos/Ace21064/rtl/core/decode/decoder.v(224): Error 16331: macro `MD_OUT_LO not defined (Compilation & Elaboration)
/home/ejune/GitRepos/Ace21064/rtl/core/decode/decoder.v(229): Error 18680: Syntax error at = (Compilation & Elaboration)
/home/ejune/GitRepos/Ace21064/rtl/core/decode/decoder.v(230): Error 18680: Syntax error at = (Compilation & Elaboration)
/home/ejune/GitRepos/Ace21064/rtl/core/decode/decoder.v(231): Error 18680: Syntax error at = (Compilation & Elaboration)
/home/ejune/GitRepos/Ace21064/rtl/core/decode/decoder.v(231): Error 16331: macro `MD_OUT_HI not defined (Compilation & Elaboration)
/home/ejune/GitRepos/Ace21064/rtl/core/decode/decoder.v(232): Error 18680: Syntax error at end (Compilation & Elaboration)
/home/ejune/GitRepos/Ace21064/rtl/core/decode/decoder.v(233): Error 18680: Syntax error at 3'd2 (Compilation & Elaboration)
/home/ejune/GitRepos/Ace21064/rtl/core/decode/decoder.v(234): Error 18680: Syntax error at = (Compilation & Elaboration)
/home/ejune/GitRepos/Ace21064/rtl/core/decode/decoder.v(235): Error 18680: Syntax error at = (Compilation & Elaboration)
/home/ejune/GitRepos/Ace21064/rtl/core/decode/decoder.v(235): Error 16331: macro `MD_OUT_HI not defined (Compilation & Elaboration)
/home/ejune/GitRepos/Ace21064/rtl/core/decode/decoder.v(236): Error 18680: Syntax error at end (Compilation & Elaboration)
/home/ejune/GitRepos/Ace21064/rtl/core/decode/decoder.v(237): Error 18680: Syntax error at 3'd3 (Compilation & Elaboration)
/home/ejune/GitRepos/Ace21064/rtl/core/decode/decoder.v(238): Error 18680: Syntax error at = (Compilation & Elaboration)
/home/ejune/GitRepos/Ace21064/rtl/core/decode/decoder.v(238): Error 16331: macro `MD_OUT_HI not defined (Compilation & Elaboration)
/home/ejune/GitRepos/Ace21064/rtl/core/decode/decoder.v(239): Error 18680: Syntax error at end (Compilation & Elaboration)
/home/ejune/GitRepos/Ace21064/rtl/core/decode/decoder.v(240): Error 18680: Syntax error at 3'd4 (Compilation & Elaboration)
/home/ejune/GitRepos/Ace21064/rtl/core/decode/decoder.v(241): Error 18680: Syntax error at = (Compilation & Elaboration)
/home/ejune/GitRepos/Ace21064/rtl/core/decode/decoder.v(241): Error 16331: macro `MD_OP_DIV not defined (Compilation & Elaboration)
/home/ejune/GitRepos/Ace21064/rtl/core/decode/decoder.v(242): Error 18680: Syntax error at = (Compilation & Elaboration)
/home/ejune/GitRepos/Ace21064/rtl/core/decode/decoder.v(243): Error 18680: Syntax error at = (Compilation & Elaboration)
/home/ejune/GitRepos/Ace21064/rtl/core/decode/decoder.v(244): Error 18680: Syntax error at end (Compilation & Elaboration)
/home/ejune/GitRepos/Ace21064/rtl/core/decode/decoder.v(245): Error 18680: Syntax error at 3'd5 (Compilation & Elaboration)
/home/ejune/GitRepos/Ace21064/rtl/core/decode/decoder.v(246): Error 18680: Syntax error at = (Compilation & Elaboration)
/home/ejune/GitRepos/Ace21064/rtl/core/decode/decoder.v(246): Error 16331: macro `MD_OP_DIV not defined (Compilation & Elaboration)
/home/ejune/GitRepos/Ace21064/rtl/core/decode/decoder.v(247): Error 18680: Syntax error at end (Compilation & Elaboration)
/home/ejune/GitRepos/Ace21064/rtl/core/decode/decoder.v(248): Error 18680: Syntax error at 3'd6 (Compilation & Elaboration)
/home/ejune/GitRepos/Ace21064/rtl/core/decode/decoder.v(249): Error 18680: Syntax error at = (Compilation & Elaboration)
/home/ejune/GitRepos/Ace21064/rtl/core/decode/decoder.v(249): Error 16331: macro `MD_OP_REM not defined (Compilation & Elaboration)
/home/ejune/GitRepos/Ace21064/rtl/core/decode/decoder.v(250): Error 18680: Syntax error at = (Compilation & Elaboration)
/home/ejune/GitRepos/Ace21064/rtl/core/decode/decoder.v(251): Error 18680: Syntax error at = (Compilation & Elaboration)
/home/ejune/GitRepos/Ace21064/rtl/core/decode/decoder.v(252): Error 18680: Syntax error at = (Compilation & Elaboration)
/home/ejune/GitRepos/Ace21064/rtl/core/decode/decoder.v(252): Error 16331: macro `MD_OUT_REM not defined (Compilation & Elaboration)
/home/ejune/GitRepos/Ace21064/rtl/core/decode/decoder.v(253): Error 18680: Syntax error at end (Compilation & Elaboration)
/home/ejune/GitRepos/Ace21064/rtl/core/decode/decoder.v(254): Error 18680: Syntax error at 3'd7 (Compilation & Elaboration)
/home/ejune/GitRepos/Ace21064/rtl/core/decode/decoder.v(255): Error 18680: Syntax error at = (Compilation & Elaboration)
/home/ejune/GitRepos/Ace21064/rtl/core/decode/decoder.v(255): Error 16331: macro `MD_OP_REM not defined (Compilation & Elaboration)
/home/ejune/GitRepos/Ace21064/rtl/core/decode/decoder.v(256): Error 18680: Syntax error at = (Compilation & Elaboration)
/home/ejune/GitRepos/Ace21064/rtl/core/decode/decoder.v(256): Error 16331: macro `MD_OUT_REM not defined (Compilation & Elaboration)
/home/ejune/GitRepos/Ace21064/rtl/core/decode/decoder.v(257): Error 18680: Syntax error at end (Compilation & Elaboration)
/home/ejune/GitRepos/Ace21064/rtl/core/decode/decoder.v(258): Error 18680: Syntax error at endcase (Compilation & Elaboration)
/home/ejune/GitRepos/Ace21064/rtl/core/decode/decoder.v(259): Error 18680: Syntax error at end (Compilation & Elaboration)
/home/ejune/GitRepos/Ace21064/rtl/core/decode/inst_buf.v(18): Warning 25009: the fan-out number of signal "flush_i" is 34 whereas the limitation is 10. (Design Style)
/home/ejune/GitRepos/Ace21064/rtl/core/decode/inst_buf.v(19): Warning 25003: signal "rm_inst_i" has no load. (DFT,Design Style)
/home/ejune/GitRepos/Ace21064/rtl/core/decode/inst_buf.v(28): Warning 25003: signal "inst0_vld_i" has no load. (DFT,Design Style)
/home/ejune/GitRepos/Ace21064/rtl/core/decode/inst_buf.v(29): Warning 25003: signal "inst1_vld_i" has no load. (DFT,Design Style)
/home/ejune/GitRepos/Ace21064/rtl/core/decode/inst_buf.v(30): Warning 25003: signal "inst2_vld_i" has no load. (DFT,Design Style)
/home/ejune/GitRepos/Ace21064/rtl/core/decode/inst_buf.v(31): Warning 25003: signal "inst3_vld_i" has no load. (DFT,Design Style)
/home/ejune/GitRepos/Ace21064/rtl/core/decode/inst_buf.v(32): Warning 25003: signal "inst4_vld_i" has no load. (DFT,Design Style)
/home/ejune/GitRepos/Ace21064/rtl/core/decode/inst_buf.v(33): Warning 25003: signal "inst5_vld_i" has no load. (DFT,Design Style)
/home/ejune/GitRepos/Ace21064/rtl/core/decode/inst_buf.v(34): Warning 25003: signal "inst6_vld_i" has no load. (DFT,Design Style)
/home/ejune/GitRepos/Ace21064/rtl/core/decode/inst_buf.v(35): Warning 25009: the fan-out number of signal "inst7_vld_i" is 32 whereas the limitation is 10. (Design Style)
/home/ejune/GitRepos/Ace21064/rtl/core/decode/inst_buf.v(47): Warning 25003: signal "buf_entry_vld" has no load. (DFT,Design Style)
/home/ejune/GitRepos/Ace21064/rtl/core/decode/inst_buf.v(50): Warning 25009: the fan-out number of signal "read_ptr" is 14 whereas the limitation is 10. (Design Style)
/home/ejune/GitRepos/Ace21064/rtl/core/decode/inst_buf.v(52): Warning 25009: the fan-out number of signal "buffer_inst_num" is 11 whereas the limitation is 10. (Design Style)
/home/ejune/GitRepos/Ace21064/rtl/core/decode/inst_buf.v(76): Warning 22117: "Asynchronous" reset "reset_n" is detected. (Design Style)
/home/ejune/GitRepos/Ace21064/rtl/core/decode/inst_buf.v(81): Warning 22079: conditional expression "((32 - write_ptr) > 8)" is always false, or implied to be always false from context. (Simulation)
/home/ejune/GitRepos/Ace21064/rtl/core/decode/inst_buf.v(81): Error 22265: bit width of left-hand-side operand "32"(6) does not match the right-hand-side operand "write_ptr"(5) in addition or subtraction operation. (Language Construct)
/home/ejune/GitRepos/Ace21064/rtl/core/decode/inst_buf.v(123): Warning 22155: empty block is detected. (Language Construct)
/home/ejune/GitRepos/Ace21064/rtl/core/decode/inst_buf.v(142): Warning 22165: signal "nxt_ptr.k" is driven by a constant. (Language Construct)
/home/ejune/GitRepos/Ace21064/rtl/core/decode/inst_buf.v(142): Error 22213: signal "k" is stuck at logic 0. (Synthesis)
/home/ejune/GitRepos/Ace21064/rtl/core/decode/inst_buf.v(143): Warning 22165: signal "nxt_ptr.k" is driven by a constant. (Language Construct)
/home/ejune/GitRepos/Ace21064/rtl/core/decode/inst_buf.v(143): Error 22211: signal "k" is stuck at logic 1. (Synthesis)
/home/ejune/GitRepos/Ace21064/rtl/core/decode/inst_buf.v(144): Warning 22165: signal "nxt_ptr.k" is driven by a constant. (Language Construct)
/home/ejune/GitRepos/Ace21064/rtl/core/decode/inst_buf.v(145): Warning 22165: signal "nxt_ptr.k" is driven by a constant. (Language Construct)

Total 158 Error(s), 37 Warning(s)
